07-17-19 16:28:49:842|11|statement|connection 0|url jdbc:p6spy:mysql://localhost:3306/springbootdb|alter table employee_address add constraint FK6dymbl3iytfbbpmxlmrk0o8hn foreign key (emp_id) references employee (emp_id)|alter table employee_address add constraint FK6dymbl3iytfbbpmxlmrk0o8hn foreign key (emp_id) references employee (emp_id)
07-17-19 16:28:50:547|5|statement|connection 0|url jdbc:p6spy:mysql://localhost:3306/springbootdb|select employee_a0_.addr_id as addr_id1_1_, employee_a0_.city as city2_1_, employee_a0_.country as country3_1_, employee_a0_.emp_id as emp_id6_1_, employee_a0_.state as state4_1_, employee_a0_.street as street5_1_ from employee_address employee_a0_ where employee_a0_.emp_id=?|select employee_a0_.addr_id as addr_id1_1_, employee_a0_.city as city2_1_, employee_a0_.country as country3_1_, employee_a0_.emp_id as emp_id6_1_, employee_a0_.state as state4_1_, employee_a0_.street as street5_1_ from employee_address employee_a0_ where employee_a0_.emp_id=2
07-17-19 16:28:50:568|0|statement|connection 0|url jdbc:p6spy:mysql://localhost:3306/springbootdb|select employee0_.emp_id as emp_id1_0_0_, employee0_.name as name2_0_0_, employee_a1_.addr_id as addr_id1_1_1_, employee_a1_.city as city2_1_1_, employee_a1_.country as country3_1_1_, employee_a1_.emp_id as emp_id6_1_1_, employee_a1_.state as state4_1_1_, employee_a1_.street as street5_1_1_ from employee employee0_ left outer join employee_address employee_a1_ on employee0_.emp_id=employee_a1_.emp_id where employee0_.emp_id=?|select employee0_.emp_id as emp_id1_0_0_, employee0_.name as name2_0_0_, employee_a1_.addr_id as addr_id1_1_1_, employee_a1_.city as city2_1_1_, employee_a1_.country as country3_1_1_, employee_a1_.emp_id as emp_id6_1_1_, employee_a1_.state as state4_1_1_, employee_a1_.street as street5_1_1_ from employee employee0_ left outer join employee_address employee_a1_ on employee0_.emp_id=employee_a1_.emp_id where employee0_.emp_id=2
07-17-19 16:28:50:577|0|statement|connection 0|url jdbc:p6spy:mysql://localhost:3306/springbootdb|select employee_a0_.addr_id as addr_id1_1_1_, employee_a0_.city as city2_1_1_, employee_a0_.country as country3_1_1_, employee_a0_.emp_id as emp_id6_1_1_, employee_a0_.state as state4_1_1_, employee_a0_.street as street5_1_1_, employee1_.emp_id as emp_id1_0_0_, employee1_.name as name2_0_0_ from employee_address employee_a0_ left outer join employee employee1_ on employee_a0_.emp_id=employee1_.emp_id where employee_a0_.emp_id=?|select employee_a0_.addr_id as addr_id1_1_1_, employee_a0_.city as city2_1_1_, employee_a0_.country as country3_1_1_, employee_a0_.emp_id as emp_id6_1_1_, employee_a0_.state as state4_1_1_, employee_a0_.street as street5_1_1_, employee1_.emp_id as emp_id1_0_0_, employee1_.name as name2_0_0_ from employee_address employee_a0_ left outer join employee employee1_ on employee_a0_.emp_id=employee1_.emp_id where employee_a0_.emp_id=2
10-11-19 00:20:28:79|19|commit|connection 0|url jdbc:p6spy:mysql://localhost:3306/test||
10-11-19 00:20:28:87|9|statement|connection 0|url jdbc:p6spy:mysql://localhost:3306/test|drop table if exists group|drop table if exists group
10-11-19 00:20:28:193|101|statement|connection 0|url jdbc:p6spy:mysql://localhost:3306/test|drop table if exists hibernate_sequence|drop table if exists hibernate_sequence
10-11-19 00:20:28:245|8|statement|connection 0|url jdbc:p6spy:mysql://localhost:3306/test|drop table if exists user|drop table if exists user
10-11-19 00:20:28:253|8|statement|connection 0|url jdbc:p6spy:mysql://localhost:3306/test|drop table if exists user_group_role|drop table if exists user_group_role
10-11-19 00:20:28:261|0|commit|connection 0|url jdbc:p6spy:mysql://localhost:3306/test||
10-11-19 00:20:28:265|1|statement|connection 0|url jdbc:p6spy:mysql://localhost:3306/test|create table group (id bigint not null, name varchar(255), primary key (id)) type=MyISAM|create table group (id bigint not null, name varchar(255), primary key (id)) type=MyISAM
10-11-19 00:20:28:269|4|statement|connection 0|url jdbc:p6spy:mysql://localhost:3306/test|create table hibernate_sequence (next_val bigint) type=MyISAM|create table hibernate_sequence (next_val bigint) type=MyISAM
10-11-19 00:20:28:287|17|statement|connection 0|url jdbc:p6spy:mysql://localhost:3306/test|insert into hibernate_sequence values ( 1 )|insert into hibernate_sequence values ( 1 )
10-11-19 00:20:28:291|1|statement|connection 0|url jdbc:p6spy:mysql://localhost:3306/test|insert into hibernate_sequence values ( 1 )|insert into hibernate_sequence values ( 1 )
10-11-19 00:20:28:295|2|statement|connection 0|url jdbc:p6spy:mysql://localhost:3306/test|create table user (id bigint not null, name varchar(255), primary key (id)) type=MyISAM|create table user (id bigint not null, name varchar(255), primary key (id)) type=MyISAM
10-11-19 00:20:28:295|1|statement|connection 0|url jdbc:p6spy:mysql://localhost:3306/test|create table user_group_role (user_id bigint not null, group_id bigint not null, user_group_role varchar(255), primary key (user_id, group_id)) type=MyISAM|create table user_group_role (user_id bigint not null, group_id bigint not null, user_group_role varchar(255), primary key (user_id, group_id)) type=MyISAM
10-11-19 00:20:28:299|0|statement|connection 0|url jdbc:p6spy:mysql://localhost:3306/test|alter table user_group_role add constraint FKo9tkp4expm7f6p69dm35chucr foreign key (group_id) references group (id)|alter table user_group_role add constraint FKo9tkp4expm7f6p69dm35chucr foreign key (group_id) references group (id)
10-11-19 00:20:28:307|6|statement|connection 0|url jdbc:p6spy:mysql://localhost:3306/test|alter table user_group_role add constraint FK6fh4m0advqhkx5xsf58ejxeo5 foreign key (user_id) references user (id)|alter table user_group_role add constraint FK6fh4m0advqhkx5xsf58ejxeo5 foreign key (user_id) references user (id)
10-11-19 00:20:28:427|2|statement|connection 1|url jdbc:p6spy:mysql://localhost:3306/test|select next_val as id_val from hibernate_sequence for update|select next_val as id_val from hibernate_sequence for update
10-11-19 00:20:28:427|0|rollback|connection 1|url jdbc:p6spy:mysql://localhost:3306/test||
10-11-19 00:20:28:431|0|commit|connection 0|url jdbc:p6spy:mysql://localhost:3306/test||
10-11-19 00:20:28:443|0|statement|connection 0|url jdbc:p6spy:mysql://localhost:3306/test|select next_val as id_val from hibernate_sequence for update|select next_val as id_val from hibernate_sequence for update
10-11-19 00:20:28:443|0|rollback|connection 0|url jdbc:p6spy:mysql://localhost:3306/test||
10-11-19 00:20:28:443|0|commit|connection 1|url jdbc:p6spy:mysql://localhost:3306/test||
10-11-19 00:20:28:447|0|commit|connection 0|url jdbc:p6spy:mysql://localhost:3306/test||
10-11-19 00:20:28:451|0|statement|connection 0|url jdbc:p6spy:mysql://localhost:3306/test|drop table if exists group|drop table if exists group
10-11-19 00:20:28:467|17|statement|connection 0|url jdbc:p6spy:mysql://localhost:3306/test|drop table if exists hibernate_sequence|drop table if exists hibernate_sequence
10-11-19 00:20:28:476|4|statement|connection 0|url jdbc:p6spy:mysql://localhost:3306/test|drop table if exists user|drop table if exists user
10-11-19 00:20:28:482|4|statement|connection 0|url jdbc:p6spy:mysql://localhost:3306/test|drop table if exists user_group_role|drop table if exists user_group_role
10-11-19 00:22:52:594|0|commit|connection 0|url jdbc:p6spy:mysql://localhost:3306/test||
10-11-19 00:22:52:606|9|statement|connection 0|url jdbc:p6spy:mysql://localhost:3306/test|drop table if exists group|drop table if exists group
10-11-19 00:22:52:618|9|statement|connection 0|url jdbc:p6spy:mysql://localhost:3306/test|drop table if exists user|drop table if exists user
10-11-19 00:22:52:639|6|statement|connection 0|url jdbc:p6spy:mysql://localhost:3306/test|drop table if exists user_group_role|drop table if exists user_group_role
10-11-19 00:22:52:644|0|commit|connection 0|url jdbc:p6spy:mysql://localhost:3306/test||
10-11-19 00:22:52:645|0|statement|connection 0|url jdbc:p6spy:mysql://localhost:3306/test|create table group (id bigint not null auto_increment, name varchar(255), primary key (id)) type=MyISAM|create table group (id bigint not null auto_increment, name varchar(255), primary key (id)) type=MyISAM
10-11-19 00:22:52:647|1|statement|connection 0|url jdbc:p6spy:mysql://localhost:3306/test|create table user (id bigint not null auto_increment, name varchar(255), primary key (id)) type=MyISAM|create table user (id bigint not null auto_increment, name varchar(255), primary key (id)) type=MyISAM
10-11-19 00:22:52:649|1|statement|connection 0|url jdbc:p6spy:mysql://localhost:3306/test|create table user_group_role (user_id bigint not null, group_id bigint not null, user_group_role varchar(255), primary key (user_id, group_id)) type=MyISAM|create table user_group_role (user_id bigint not null, group_id bigint not null, user_group_role varchar(255), primary key (user_id, group_id)) type=MyISAM
10-11-19 00:22:52:651|0|statement|connection 0|url jdbc:p6spy:mysql://localhost:3306/test|alter table user_group_role add constraint FKo9tkp4expm7f6p69dm35chucr foreign key (group_id) references group (id)|alter table user_group_role add constraint FKo9tkp4expm7f6p69dm35chucr foreign key (group_id) references group (id)
10-11-19 00:22:52:654|1|statement|connection 0|url jdbc:p6spy:mysql://localhost:3306/test|alter table user_group_role add constraint FK6fh4m0advqhkx5xsf58ejxeo5 foreign key (user_id) references user (id)|alter table user_group_role add constraint FK6fh4m0advqhkx5xsf58ejxeo5 foreign key (user_id) references user (id)
10-11-19 00:22:52:802|1|statement|connection 0|url jdbc:p6spy:mysql://localhost:3306/test|insert into user (name) values (?)|insert into user (name) values ('sravan1')
10-11-19 00:22:52:810|1|rollback|connection 0|url jdbc:p6spy:mysql://localhost:3306/test||
10-11-19 00:22:52:822|1|statement|connection 0|url jdbc:p6spy:mysql://localhost:3306/test|insert into user (name) values (?)|insert into user (name) values ('sravan1')
10-11-19 00:22:52:826|0|rollback|connection 0|url jdbc:p6spy:mysql://localhost:3306/test||
10-11-19 00:22:52:830|0|commit|connection 0|url jdbc:p6spy:mysql://localhost:3306/test||
10-11-19 00:22:52:834|1|statement|connection 0|url jdbc:p6spy:mysql://localhost:3306/test|drop table if exists group|drop table if exists group
10-11-19 00:22:52:841|5|statement|connection 0|url jdbc:p6spy:mysql://localhost:3306/test|drop table if exists user|drop table if exists user
10-11-19 00:22:52:847|5|statement|connection 0|url jdbc:p6spy:mysql://localhost:3306/test|drop table if exists user_group_role|drop table if exists user_group_role
10-11-19 00:24:28:767|0|commit|connection 0|url jdbc:p6spy:mysql://localhost:3306/test||
10-11-19 00:24:28:779|8|statement|connection 0|url jdbc:p6spy:mysql://localhost:3306/test|drop table if exists group|drop table if exists group
10-11-19 00:24:28:787|5|statement|connection 0|url jdbc:p6spy:mysql://localhost:3306/test|drop table if exists user|drop table if exists user
10-11-19 00:24:28:803|4|statement|connection 0|url jdbc:p6spy:mysql://localhost:3306/test|drop table if exists user_group_role|drop table if exists user_group_role
10-11-19 00:24:28:807|0|commit|connection 0|url jdbc:p6spy:mysql://localhost:3306/test||
10-11-19 00:24:28:807|0|statement|connection 0|url jdbc:p6spy:mysql://localhost:3306/test|create table group (id bigint not null auto_increment, name varchar(255), primary key (id)) type=MyISAM|create table group (id bigint not null auto_increment, name varchar(255), primary key (id)) type=MyISAM
10-11-19 00:24:28:807|0|statement|connection 0|url jdbc:p6spy:mysql://localhost:3306/test|create table user (id bigint not null auto_increment, name varchar(255), primary key (id)) type=MyISAM|create table user (id bigint not null auto_increment, name varchar(255), primary key (id)) type=MyISAM
10-11-19 00:24:28:811|0|statement|connection 0|url jdbc:p6spy:mysql://localhost:3306/test|create table user_group_role (user_id bigint not null, group_id bigint not null, user_group_role varchar(255), primary key (user_id, group_id)) type=MyISAM|create table user_group_role (user_id bigint not null, group_id bigint not null, user_group_role varchar(255), primary key (user_id, group_id)) type=MyISAM
10-11-19 00:24:28:811|0|statement|connection 0|url jdbc:p6spy:mysql://localhost:3306/test|alter table user_group_role add constraint FKo9tkp4expm7f6p69dm35chucr foreign key (group_id) references group (id)|alter table user_group_role add constraint FKo9tkp4expm7f6p69dm35chucr foreign key (group_id) references group (id)
10-11-19 00:24:28:819|2|statement|connection 0|url jdbc:p6spy:mysql://localhost:3306/test|alter table user_group_role add constraint FK6fh4m0advqhkx5xsf58ejxeo5 foreign key (user_id) references user (id)|alter table user_group_role add constraint FK6fh4m0advqhkx5xsf58ejxeo5 foreign key (user_id) references user (id)
10-11-19 00:24:28:939|1|statement|connection 0|url jdbc:p6spy:mysql://localhost:3306/test|insert into user (name) values (?)|insert into user (name) values ('sravan1')
10-11-19 00:24:28:943|0|rollback|connection 0|url jdbc:p6spy:mysql://localhost:3306/test||
10-11-19 00:24:28:958|0|statement|connection 0|url jdbc:p6spy:mysql://localhost:3306/test|insert into user (name) values (?)|insert into user (name) values ('sravan1')
10-11-19 00:24:28:961|0|rollback|connection 0|url jdbc:p6spy:mysql://localhost:3306/test||
10-11-19 00:25:07:256|0|commit|connection 0|url jdbc:p6spy:mysql://localhost:3306/test||
10-11-19 00:25:07:528|30|statement|connection 0|url jdbc:p6spy:mysql://localhost:3306/test|create table group (id bigint not null auto_increment, name varchar(255), primary key (id)) type=MyISAM|create table group (id bigint not null auto_increment, name varchar(255), primary key (id)) type=MyISAM
10-11-19 00:25:07:540|3|statement|connection 0|url jdbc:p6spy:mysql://localhost:3306/test|create table user (id bigint not null auto_increment, name varchar(255), primary key (id)) type=MyISAM|create table user (id bigint not null auto_increment, name varchar(255), primary key (id)) type=MyISAM
10-11-19 00:25:07:548|2|statement|connection 0|url jdbc:p6spy:mysql://localhost:3306/test|create table user_group_role (user_id bigint not null, group_id bigint not null, user_group_role varchar(255), primary key (user_id, group_id)) type=MyISAM|create table user_group_role (user_id bigint not null, group_id bigint not null, user_group_role varchar(255), primary key (user_id, group_id)) type=MyISAM
10-11-19 00:25:07:552|2|statement|connection 0|url jdbc:p6spy:mysql://localhost:3306/test|alter table user_group_role add constraint FKo9tkp4expm7f6p69dm35chucr foreign key (group_id) references group (id)|alter table user_group_role add constraint FKo9tkp4expm7f6p69dm35chucr foreign key (group_id) references group (id)
10-11-19 00:25:07:556|2|statement|connection 0|url jdbc:p6spy:mysql://localhost:3306/test|alter table user_group_role add constraint FK6fh4m0advqhkx5xsf58ejxeo5 foreign key (user_id) references user (id)|alter table user_group_role add constraint FK6fh4m0advqhkx5xsf58ejxeo5 foreign key (user_id) references user (id)
10-11-19 00:25:07:752|1|statement|connection 0|url jdbc:p6spy:mysql://localhost:3306/test|insert into user (name) values (?)|insert into user (name) values ('sravan1')
10-11-19 00:25:07:756|0|rollback|connection 0|url jdbc:p6spy:mysql://localhost:3306/test||
10-11-19 00:25:07:772|2|statement|connection 0|url jdbc:p6spy:mysql://localhost:3306/test|insert into user (name) values (?)|insert into user (name) values ('sravan1')
10-11-19 00:25:07:780|1|rollback|connection 0|url jdbc:p6spy:mysql://localhost:3306/test||
10-11-19 00:26:44:757|1|commit|connection 0|url jdbc:p6spy:mysql://localhost:3306/sravan||
10-11-19 00:26:44:793|30|statement|connection 0|url jdbc:p6spy:mysql://localhost:3306/sravan|drop table if exists group|drop table if exists group
10-11-19 00:26:44:821|15|statement|connection 0|url jdbc:p6spy:mysql://localhost:3306/sravan|drop table if exists user|drop table if exists user
10-11-19 00:26:44:866|8|statement|connection 0|url jdbc:p6spy:mysql://localhost:3306/sravan|drop table if exists user_group_role|drop table if exists user_group_role
10-11-19 00:26:44:882|0|commit|connection 0|url jdbc:p6spy:mysql://localhost:3306/sravan||
10-11-19 00:26:44:886|2|statement|connection 0|url jdbc:p6spy:mysql://localhost:3306/sravan|create table group (id bigint not null auto_increment, name varchar(255), primary key (id)) type=MyISAM|create table group (id bigint not null auto_increment, name varchar(255), primary key (id)) type=MyISAM
10-11-19 00:26:44:890|2|statement|connection 0|url jdbc:p6spy:mysql://localhost:3306/sravan|create table user (id bigint not null auto_increment, name varchar(255), primary key (id)) type=MyISAM|create table user (id bigint not null auto_increment, name varchar(255), primary key (id)) type=MyISAM
10-11-19 00:26:44:898|2|statement|connection 0|url jdbc:p6spy:mysql://localhost:3306/sravan|create table user_group_role (user_id bigint not null, group_id bigint not null, user_group_role varchar(255), primary key (user_id, group_id)) type=MyISAM|create table user_group_role (user_id bigint not null, group_id bigint not null, user_group_role varchar(255), primary key (user_id, group_id)) type=MyISAM
10-11-19 00:26:44:902|3|statement|connection 0|url jdbc:p6spy:mysql://localhost:3306/sravan|alter table user_group_role add constraint FKo9tkp4expm7f6p69dm35chucr foreign key (group_id) references group (id)|alter table user_group_role add constraint FKo9tkp4expm7f6p69dm35chucr foreign key (group_id) references group (id)
10-11-19 00:26:44:913|2|statement|connection 0|url jdbc:p6spy:mysql://localhost:3306/sravan|alter table user_group_role add constraint FK6fh4m0advqhkx5xsf58ejxeo5 foreign key (user_id) references user (id)|alter table user_group_role add constraint FK6fh4m0advqhkx5xsf58ejxeo5 foreign key (user_id) references user (id)
10-11-19 00:26:45:38|2|statement|connection 0|url jdbc:p6spy:mysql://localhost:3306/sravan|insert into user (name) values (?)|insert into user (name) values ('sravan1')
10-11-19 00:26:45:46|0|rollback|connection 0|url jdbc:p6spy:mysql://localhost:3306/sravan||
10-11-19 00:26:45:66|1|statement|connection 0|url jdbc:p6spy:mysql://localhost:3306/sravan|insert into user (name) values (?)|insert into user (name) values ('sravan1')
10-11-19 00:26:45:70|0|rollback|connection 0|url jdbc:p6spy:mysql://localhost:3306/sravan||
10-11-19 00:27:29:495|0|commit|connection 0|url jdbc:p6spy:mysql://localhost:3306/sravan||
10-11-19 00:27:29:543|19|statement|connection 0|url jdbc:p6spy:mysql://localhost:3306/sravan|create table group (id bigint not null auto_increment, name varchar(255), primary key (id)) type=MyISAM|create table group (id bigint not null auto_increment, name varchar(255), primary key (id)) type=MyISAM
10-11-19 00:27:29:555|3|statement|connection 0|url jdbc:p6spy:mysql://localhost:3306/sravan|create table user (id bigint not null auto_increment, name varchar(255), primary key (id)) type=MyISAM|create table user (id bigint not null auto_increment, name varchar(255), primary key (id)) type=MyISAM
10-11-19 00:27:29:563|3|statement|connection 0|url jdbc:p6spy:mysql://localhost:3306/sravan|create table user_group_role (user_id bigint not null, group_id bigint not null, user_group_role varchar(255), primary key (user_id, group_id)) type=MyISAM|create table user_group_role (user_id bigint not null, group_id bigint not null, user_group_role varchar(255), primary key (user_id, group_id)) type=MyISAM
10-11-19 00:27:29:567|2|statement|connection 0|url jdbc:p6spy:mysql://localhost:3306/sravan|alter table user_group_role add constraint FKo9tkp4expm7f6p69dm35chucr foreign key (group_id) references group (id)|alter table user_group_role add constraint FKo9tkp4expm7f6p69dm35chucr foreign key (group_id) references group (id)
10-11-19 00:27:29:581|8|statement|connection 0|url jdbc:p6spy:mysql://localhost:3306/sravan|alter table user_group_role add constraint FK6fh4m0advqhkx5xsf58ejxeo5 foreign key (user_id) references user (id)|alter table user_group_role add constraint FK6fh4m0advqhkx5xsf58ejxeo5 foreign key (user_id) references user (id)
10-11-19 00:27:29:751|0|statement|connection 0|url jdbc:p6spy:mysql://localhost:3306/sravan|insert into user (name) values (?)|insert into user (name) values ('sravan1')
10-11-19 00:27:29:759|0|rollback|connection 0|url jdbc:p6spy:mysql://localhost:3306/sravan||
10-11-19 00:27:29:767|1|statement|connection 0|url jdbc:p6spy:mysql://localhost:3306/sravan|insert into user (name) values (?)|insert into user (name) values ('sravan1')
10-11-19 00:27:29:771|0|rollback|connection 0|url jdbc:p6spy:mysql://localhost:3306/sravan||
10-11-19 00:30:33:471|0|commit|connection 0|url jdbc:p6spy:mysql://localhost:3306/sravan||
10-11-19 00:30:33:500|8|statement|connection 0|url jdbc:p6spy:mysql://localhost:3306/sravan|create table group (id bigint not null auto_increment, name varchar(255), primary key (id)) engine=MyISAM|create table group (id bigint not null auto_increment, name varchar(255), primary key (id)) engine=MyISAM
10-11-19 00:30:33:720|220|statement|connection 0|url jdbc:p6spy:mysql://localhost:3306/sravan|create table user (id bigint not null auto_increment, name varchar(255), primary key (id)) engine=MyISAM|create table user (id bigint not null auto_increment, name varchar(255), primary key (id)) engine=MyISAM
10-11-19 00:30:33:765|39|statement|connection 0|url jdbc:p6spy:mysql://localhost:3306/sravan|create table user_group_role (user_id bigint not null, group_id bigint not null, user_group_role varchar(255), primary key (user_id, group_id)) engine=MyISAM|create table user_group_role (user_id bigint not null, group_id bigint not null, user_group_role varchar(255), primary key (user_id, group_id)) engine=MyISAM
10-11-19 00:30:33:772|3|statement|connection 0|url jdbc:p6spy:mysql://localhost:3306/sravan|alter table user_group_role add constraint FKo9tkp4expm7f6p69dm35chucr foreign key (group_id) references group (id)|alter table user_group_role add constraint FKo9tkp4expm7f6p69dm35chucr foreign key (group_id) references group (id)
10-11-19 00:30:33:913|135|statement|connection 0|url jdbc:p6spy:mysql://localhost:3306/sravan|alter table user_group_role add constraint FK6fh4m0advqhkx5xsf58ejxeo5 foreign key (user_id) references user (id)|alter table user_group_role add constraint FK6fh4m0advqhkx5xsf58ejxeo5 foreign key (user_id) references user (id)
10-11-19 00:30:34:185|23|statement|connection 0|url jdbc:p6spy:mysql://localhost:3306/sravan|insert into user (name) values (?)|insert into user (name) values ('sravan1')
10-11-19 00:30:34:211|17|statement|connection 0|url jdbc:p6spy:mysql://localhost:3306/sravan|insert into user (name) values (?)|insert into user (name) values ('sravan2')
10-11-19 00:30:34:217|4|statement|connection 0|url jdbc:p6spy:mysql://localhost:3306/sravan|insert into user (name) values (?)|insert into user (name) values ('sravan3')
10-11-19 00:30:34:225|1|statement|connection 0|url jdbc:p6spy:mysql://localhost:3306/sravan|insert into group (name) values (?)|insert into group (name) values ('group1')
10-11-19 00:30:34:257|3|rollback|connection 0|url jdbc:p6spy:mysql://localhost:3306/sravan||
10-11-19 00:30:34:285|4|statement|connection 0|url jdbc:p6spy:mysql://localhost:3306/sravan|insert into user (name) values (?)|insert into user (name) values ('sravan1')
10-11-19 00:30:34:293|4|statement|connection 0|url jdbc:p6spy:mysql://localhost:3306/sravan|insert into user (name) values (?)|insert into user (name) values ('sravan2')
10-11-19 00:30:34:305|5|statement|connection 0|url jdbc:p6spy:mysql://localhost:3306/sravan|insert into user (name) values (?)|insert into user (name) values ('sravan3')
10-11-19 00:30:34:310|1|statement|connection 0|url jdbc:p6spy:mysql://localhost:3306/sravan|insert into group (name) values (?)|insert into group (name) values ('group1')
10-11-19 00:30:34:317|1|rollback|connection 0|url jdbc:p6spy:mysql://localhost:3306/sravan||
10-11-19 00:33:24:253|0|commit|connection 0|url jdbc:p6spy:mysql://localhost:3306/sravan||
10-11-19 00:33:24:389|115|statement|connection 0|url jdbc:p6spy:mysql://localhost:3306/sravan|create table user (id bigint not null auto_increment, name varchar(255), primary key (id)) engine=MyISAM|create table user (id bigint not null auto_increment, name varchar(255), primary key (id)) engine=MyISAM
10-11-19 00:33:24:410|16|statement|connection 0|url jdbc:p6spy:mysql://localhost:3306/sravan|create table user_group_role (user_id bigint not null, group_id bigint not null, user_group_role varchar(255), primary key (user_id, group_id)) engine=MyISAM|create table user_group_role (user_id bigint not null, group_id bigint not null, user_group_role varchar(255), primary key (user_id, group_id)) engine=MyISAM
10-11-19 00:33:24:426|16|statement|connection 0|url jdbc:p6spy:mysql://localhost:3306/sravan|create table userGroup (id bigint not null auto_increment, name varchar(255), primary key (id)) engine=MyISAM|create table userGroup (id bigint not null auto_increment, name varchar(255), primary key (id)) engine=MyISAM
10-11-19 00:33:24:550|119|statement|connection 0|url jdbc:p6spy:mysql://localhost:3306/sravan|alter table user_group_role add constraint FKpoyilx4r87gulanosg81q76oc foreign key (group_id) references userGroup (id)|alter table user_group_role add constraint FKpoyilx4r87gulanosg81q76oc foreign key (group_id) references userGroup (id)
10-11-19 00:33:24:614|61|statement|connection 0|url jdbc:p6spy:mysql://localhost:3306/sravan|alter table user_group_role add constraint FK6fh4m0advqhkx5xsf58ejxeo5 foreign key (user_id) references user (id)|alter table user_group_role add constraint FK6fh4m0advqhkx5xsf58ejxeo5 foreign key (user_id) references user (id)
10-11-19 00:33:24:812|8|statement|connection 0|url jdbc:p6spy:mysql://localhost:3306/sravan|insert into user (name) values (?)|insert into user (name) values ('sravan1')
10-11-19 00:33:24:819|3|statement|connection 0|url jdbc:p6spy:mysql://localhost:3306/sravan|insert into user (name) values (?)|insert into user (name) values ('sravan2')
10-11-19 00:33:24:823|3|statement|connection 0|url jdbc:p6spy:mysql://localhost:3306/sravan|insert into user (name) values (?)|insert into user (name) values ('sravan3')
10-11-19 00:33:24:827|4|statement|connection 0|url jdbc:p6spy:mysql://localhost:3306/sravan|insert into userGroup (name) values (?)|insert into userGroup (name) values ('group1')
10-11-19 00:33:24:831|3|statement|connection 0|url jdbc:p6spy:mysql://localhost:3306/sravan|insert into userGroup (name) values (?)|insert into userGroup (name) values ('group2')
10-11-19 00:33:24:847|3|statement|connection 0|url jdbc:p6spy:mysql://localhost:3306/sravan|insert into user_group_role (user_group_role, user_id, group_id) values (?, ?, ?)|insert into user_group_role (user_group_role, user_id, group_id) values ('MODERATOR', 1, 1)
10-11-19 00:33:24:859|3|statement|connection 0|url jdbc:p6spy:mysql://localhost:3306/sravan|select user0_.id as id1_0_0_, user0_.name as name2_0_0_ from user user0_ where user0_.id=?|select user0_.id as id1_0_0_, user0_.name as name2_0_0_ from user user0_ where user0_.id=1
10-11-19 00:33:24:863|0|statement|connection 0|url jdbc:p6spy:mysql://localhost:3306/sravan|select group0_.id as id1_2_0_, group0_.name as name2_2_0_ from userGroup group0_ where group0_.id=?|select group0_.id as id1_2_0_, group0_.name as name2_2_0_ from userGroup group0_ where group0_.id=1
10-11-19 00:33:24:867|3|statement|connection 0|url jdbc:p6spy:mysql://localhost:3306/sravan|insert into user_group_role (user_group_role, user_id, group_id) values (?, ?, ?)|insert into user_group_role (user_group_role, user_id, group_id) values ('MEMBER', 1, 2)
10-11-19 00:33:24:871|0|statement|connection 0|url jdbc:p6spy:mysql://localhost:3306/sravan|select user0_.id as id1_0_0_, user0_.name as name2_0_0_ from user user0_ where user0_.id=?|select user0_.id as id1_0_0_, user0_.name as name2_0_0_ from user user0_ where user0_.id=1
10-11-19 00:33:24:871|0|statement|connection 0|url jdbc:p6spy:mysql://localhost:3306/sravan|select group0_.id as id1_2_0_, group0_.name as name2_2_0_ from userGroup group0_ where group0_.id=?|select group0_.id as id1_2_0_, group0_.name as name2_2_0_ from userGroup group0_ where group0_.id=2
10-11-19 00:33:24:879|3|statement|connection 0|url jdbc:p6spy:mysql://localhost:3306/sravan|insert into user_group_role (user_group_role, user_id, group_id) values (?, ?, ?)|insert into user_group_role (user_group_role, user_id, group_id) values ('MODERATOR', 2, 1)
10-11-19 00:33:24:879|0|statement|connection 0|url jdbc:p6spy:mysql://localhost:3306/sravan|select user0_.id as id1_0_0_, user0_.name as name2_0_0_ from user user0_ where user0_.id=?|select user0_.id as id1_0_0_, user0_.name as name2_0_0_ from user user0_ where user0_.id=2
10-11-19 00:33:24:883|0|statement|connection 0|url jdbc:p6spy:mysql://localhost:3306/sravan|select group0_.id as id1_2_0_, group0_.name as name2_2_0_ from userGroup group0_ where group0_.id=?|select group0_.id as id1_2_0_, group0_.name as name2_2_0_ from userGroup group0_ where group0_.id=1
10-11-19 00:33:24:887|3|statement|connection 0|url jdbc:p6spy:mysql://localhost:3306/sravan|insert into user_group_role (user_group_role, user_id, group_id) values (?, ?, ?)|insert into user_group_role (user_group_role, user_id, group_id) values ('MODERATOR', 2, 2)
10-11-19 00:33:24:891|0|statement|connection 0|url jdbc:p6spy:mysql://localhost:3306/sravan|select user0_.id as id1_0_0_, user0_.name as name2_0_0_ from user user0_ where user0_.id=?|select user0_.id as id1_0_0_, user0_.name as name2_0_0_ from user user0_ where user0_.id=2
10-11-19 00:33:24:891|0|statement|connection 0|url jdbc:p6spy:mysql://localhost:3306/sravan|select group0_.id as id1_2_0_, group0_.name as name2_2_0_ from userGroup group0_ where group0_.id=?|select group0_.id as id1_2_0_, group0_.name as name2_2_0_ from userGroup group0_ where group0_.id=2
10-11-19 00:33:24:899|3|statement|connection 0|url jdbc:p6spy:mysql://localhost:3306/sravan|insert into user_group_role (user_group_role, user_id, group_id) values (?, ?, ?)|insert into user_group_role (user_group_role, user_id, group_id) values ('MODERATOR', 3, 2)
10-11-19 00:33:24:901|0|statement|connection 0|url jdbc:p6spy:mysql://localhost:3306/sravan|select user0_.id as id1_0_0_, user0_.name as name2_0_0_ from user user0_ where user0_.id=?|select user0_.id as id1_0_0_, user0_.name as name2_0_0_ from user user0_ where user0_.id=3
10-11-19 00:33:24:903|0|statement|connection 0|url jdbc:p6spy:mysql://localhost:3306/sravan|select group0_.id as id1_2_0_, group0_.name as name2_2_0_ from userGroup group0_ where group0_.id=?|select group0_.id as id1_2_0_, group0_.name as name2_2_0_ from userGroup group0_ where group0_.id=2
10-11-19 00:33:24:922|16|statement|connection 0|url jdbc:p6spy:mysql://localhost:3306/sravan|select groups0_.user_id as user_id1_1_0_, groups0_.group_id as group_id2_1_0_, group1_.id as id1_2_1_, group1_.name as name2_2_1_ from user_group_role groups0_ inner join userGroup group1_ on groups0_.group_id=group1_.id where groups0_.user_id=?|select groups0_.user_id as user_id1_1_0_, groups0_.group_id as group_id2_1_0_, group1_.id as id1_2_1_, group1_.name as name2_2_1_ from user_group_role groups0_ inner join userGroup group1_ on groups0_.group_id=group1_.id where groups0_.user_id=1
10-11-19 00:33:24:950|0|commit|connection 0|url jdbc:p6spy:mysql://localhost:3306/sravan||
10-11-19 00:33:24:958|4|statement|connection 0|url jdbc:p6spy:mysql://localhost:3306/sravan|insert into user (name) values (?)|insert into user (name) values ('sravan1')
10-11-19 00:33:24:962|3|statement|connection 0|url jdbc:p6spy:mysql://localhost:3306/sravan|insert into user (name) values (?)|insert into user (name) values ('sravan2')
10-11-19 00:33:24:966|2|statement|connection 0|url jdbc:p6spy:mysql://localhost:3306/sravan|insert into user (name) values (?)|insert into user (name) values ('sravan3')
10-11-19 00:33:24:970|2|statement|connection 0|url jdbc:p6spy:mysql://localhost:3306/sravan|insert into userGroup (name) values (?)|insert into userGroup (name) values ('group1')
10-11-19 00:33:24:974|3|statement|connection 0|url jdbc:p6spy:mysql://localhost:3306/sravan|insert into userGroup (name) values (?)|insert into userGroup (name) values ('group2')
10-11-19 00:33:24:978|3|statement|connection 0|url jdbc:p6spy:mysql://localhost:3306/sravan|insert into user_group_role (user_group_role, user_id, group_id) values (?, ?, ?)|insert into user_group_role (user_group_role, user_id, group_id) values ('MODERATOR', 4, 3)
10-11-19 00:33:24:982|0|statement|connection 0|url jdbc:p6spy:mysql://localhost:3306/sravan|select user0_.id as id1_0_0_, user0_.name as name2_0_0_ from user user0_ where user0_.id=?|select user0_.id as id1_0_0_, user0_.name as name2_0_0_ from user user0_ where user0_.id=4
10-11-19 00:33:24:982|0|statement|connection 0|url jdbc:p6spy:mysql://localhost:3306/sravan|select group0_.id as id1_2_0_, group0_.name as name2_2_0_ from userGroup group0_ where group0_.id=?|select group0_.id as id1_2_0_, group0_.name as name2_2_0_ from userGroup group0_ where group0_.id=3
10-11-19 00:33:24:990|3|statement|connection 0|url jdbc:p6spy:mysql://localhost:3306/sravan|insert into user_group_role (user_group_role, user_id, group_id) values (?, ?, ?)|insert into user_group_role (user_group_role, user_id, group_id) values ('MEMBER', 4, 4)
10-11-19 00:33:24:990|0|statement|connection 0|url jdbc:p6spy:mysql://localhost:3306/sravan|select user0_.id as id1_0_0_, user0_.name as name2_0_0_ from user user0_ where user0_.id=?|select user0_.id as id1_0_0_, user0_.name as name2_0_0_ from user user0_ where user0_.id=4
10-11-19 00:33:24:990|0|statement|connection 0|url jdbc:p6spy:mysql://localhost:3306/sravan|select group0_.id as id1_2_0_, group0_.name as name2_2_0_ from userGroup group0_ where group0_.id=?|select group0_.id as id1_2_0_, group0_.name as name2_2_0_ from userGroup group0_ where group0_.id=4
10-11-19 00:33:24:999|3|statement|connection 0|url jdbc:p6spy:mysql://localhost:3306/sravan|insert into user_group_role (user_group_role, user_id, group_id) values (?, ?, ?)|insert into user_group_role (user_group_role, user_id, group_id) values ('MODERATOR', 5, 3)
10-11-19 00:33:25:01|0|statement|connection 0|url jdbc:p6spy:mysql://localhost:3306/sravan|select user0_.id as id1_0_0_, user0_.name as name2_0_0_ from user user0_ where user0_.id=?|select user0_.id as id1_0_0_, user0_.name as name2_0_0_ from user user0_ where user0_.id=5
10-11-19 00:33:25:04|0|statement|connection 0|url jdbc:p6spy:mysql://localhost:3306/sravan|select group0_.id as id1_2_0_, group0_.name as name2_2_0_ from userGroup group0_ where group0_.id=?|select group0_.id as id1_2_0_, group0_.name as name2_2_0_ from userGroup group0_ where group0_.id=3
10-11-19 00:33:25:10|3|statement|connection 0|url jdbc:p6spy:mysql://localhost:3306/sravan|insert into user_group_role (user_group_role, user_id, group_id) values (?, ?, ?)|insert into user_group_role (user_group_role, user_id, group_id) values ('MODERATOR', 5, 4)
10-11-19 00:33:25:11|0|statement|connection 0|url jdbc:p6spy:mysql://localhost:3306/sravan|select user0_.id as id1_0_0_, user0_.name as name2_0_0_ from user user0_ where user0_.id=?|select user0_.id as id1_0_0_, user0_.name as name2_0_0_ from user user0_ where user0_.id=5
10-11-19 00:33:25:13|0|statement|connection 0|url jdbc:p6spy:mysql://localhost:3306/sravan|select group0_.id as id1_2_0_, group0_.name as name2_2_0_ from userGroup group0_ where group0_.id=?|select group0_.id as id1_2_0_, group0_.name as name2_2_0_ from userGroup group0_ where group0_.id=4
10-11-19 00:33:25:17|3|statement|connection 0|url jdbc:p6spy:mysql://localhost:3306/sravan|insert into user_group_role (user_group_role, user_id, group_id) values (?, ?, ?)|insert into user_group_role (user_group_role, user_id, group_id) values ('MODERATOR', 6, 4)
10-11-19 00:33:25:17|0|statement|connection 0|url jdbc:p6spy:mysql://localhost:3306/sravan|select user0_.id as id1_0_0_, user0_.name as name2_0_0_ from user user0_ where user0_.id=?|select user0_.id as id1_0_0_, user0_.name as name2_0_0_ from user user0_ where user0_.id=6
10-11-19 00:33:25:21|0|statement|connection 0|url jdbc:p6spy:mysql://localhost:3306/sravan|select group0_.id as id1_2_0_, group0_.name as name2_2_0_ from userGroup group0_ where group0_.id=?|select group0_.id as id1_2_0_, group0_.name as name2_2_0_ from userGroup group0_ where group0_.id=4
10-11-19 00:33:25:29|8|statement|connection 0|url jdbc:p6spy:mysql://localhost:3306/sravan|select moderategr0_.user_id as user_id1_1_0_, moderategr0_.group_id as group_id2_1_0_, group1_.id as id1_2_1_, group1_.name as name2_2_1_ from user_group_role moderategr0_ inner join userGroup group1_ on moderategr0_.group_id=group1_.id where ( moderategr0_.role='MODERATOR') and moderategr0_.user_id=?|select moderategr0_.user_id as user_id1_1_0_, moderategr0_.group_id as group_id2_1_0_, group1_.id as id1_2_1_, group1_.name as name2_2_1_ from user_group_role moderategr0_ inner join userGroup group1_ on moderategr0_.group_id=group1_.id where ( moderategr0_.role='MODERATOR') and moderategr0_.user_id=4
10-11-19 00:33:25:33|0|commit|connection 0|url jdbc:p6spy:mysql://localhost:3306/sravan||
10-11-19 00:34:21:229|0|commit|connection 0|url jdbc:p6spy:mysql://localhost:3306/sravan||
10-11-19 00:34:21:449|82|statement|connection 0|url jdbc:p6spy:mysql://localhost:3306/sravan|alter table user_group_role add constraint FKpoyilx4r87gulanosg81q76oc foreign key (group_id) references userGroup (id)|alter table user_group_role add constraint FKpoyilx4r87gulanosg81q76oc foreign key (group_id) references userGroup (id)
10-11-19 00:34:21:554|101|statement|connection 0|url jdbc:p6spy:mysql://localhost:3306/sravan|alter table user_group_role add constraint FK6fh4m0advqhkx5xsf58ejxeo5 foreign key (user_id) references user (id)|alter table user_group_role add constraint FK6fh4m0advqhkx5xsf58ejxeo5 foreign key (user_id) references user (id)
10-11-19 00:34:21:846|19|statement|connection 0|url jdbc:p6spy:mysql://localhost:3306/sravan|insert into user (name) values (?)|insert into user (name) values ('sravan1')
10-11-19 00:34:21:858|3|statement|connection 0|url jdbc:p6spy:mysql://localhost:3306/sravan|insert into user (name) values (?)|insert into user (name) values ('sravan2')
10-11-19 00:34:21:863|3|statement|connection 0|url jdbc:p6spy:mysql://localhost:3306/sravan|insert into user (name) values (?)|insert into user (name) values ('sravan3')
10-11-19 00:34:21:870|4|statement|connection 0|url jdbc:p6spy:mysql://localhost:3306/sravan|insert into userGroup (name) values (?)|insert into userGroup (name) values ('group1')
10-11-19 00:34:21:871|3|statement|connection 0|url jdbc:p6spy:mysql://localhost:3306/sravan|insert into userGroup (name) values (?)|insert into userGroup (name) values ('group2')
10-11-19 00:34:21:891|3|statement|connection 0|url jdbc:p6spy:mysql://localhost:3306/sravan|insert into user_group_role (user_group_role, user_id, group_id) values (?, ?, ?)|insert into user_group_role (user_group_role, user_id, group_id) values ('MODERATOR', 7, 5)
10-11-19 00:34:21:919|10|statement|connection 0|url jdbc:p6spy:mysql://localhost:3306/sravan|select user0_.id as id1_0_0_, user0_.name as name2_0_0_ from user user0_ where user0_.id=?|select user0_.id as id1_0_0_, user0_.name as name2_0_0_ from user user0_ where user0_.id=7
10-11-19 00:34:21:939|2|statement|connection 0|url jdbc:p6spy:mysql://localhost:3306/sravan|select group0_.id as id1_2_0_, group0_.name as name2_2_0_ from userGroup group0_ where group0_.id=?|select group0_.id as id1_2_0_, group0_.name as name2_2_0_ from userGroup group0_ where group0_.id=5
10-11-19 00:34:21:953|4|statement|connection 0|url jdbc:p6spy:mysql://localhost:3306/sravan|insert into user_group_role (user_group_role, user_id, group_id) values (?, ?, ?)|insert into user_group_role (user_group_role, user_id, group_id) values ('MEMBER', 7, 6)
10-11-19 00:34:21:957|1|statement|connection 0|url jdbc:p6spy:mysql://localhost:3306/sravan|select user0_.id as id1_0_0_, user0_.name as name2_0_0_ from user user0_ where user0_.id=?|select user0_.id as id1_0_0_, user0_.name as name2_0_0_ from user user0_ where user0_.id=7
10-11-19 00:34:21:962|1|statement|connection 0|url jdbc:p6spy:mysql://localhost:3306/sravan|select group0_.id as id1_2_0_, group0_.name as name2_2_0_ from userGroup group0_ where group0_.id=?|select group0_.id as id1_2_0_, group0_.name as name2_2_0_ from userGroup group0_ where group0_.id=6
10-11-19 00:34:21:974|4|statement|connection 0|url jdbc:p6spy:mysql://localhost:3306/sravan|insert into user_group_role (user_group_role, user_id, group_id) values (?, ?, ?)|insert into user_group_role (user_group_role, user_id, group_id) values ('MODERATOR', 8, 5)
10-11-19 00:34:21:978|1|statement|connection 0|url jdbc:p6spy:mysql://localhost:3306/sravan|select user0_.id as id1_0_0_, user0_.name as name2_0_0_ from user user0_ where user0_.id=?|select user0_.id as id1_0_0_, user0_.name as name2_0_0_ from user user0_ where user0_.id=8
10-11-19 00:34:21:982|1|statement|connection 0|url jdbc:p6spy:mysql://localhost:3306/sravan|select group0_.id as id1_2_0_, group0_.name as name2_2_0_ from userGroup group0_ where group0_.id=?|select group0_.id as id1_2_0_, group0_.name as name2_2_0_ from userGroup group0_ where group0_.id=5
10-11-19 00:34:21:994|4|statement|connection 0|url jdbc:p6spy:mysql://localhost:3306/sravan|insert into user_group_role (user_group_role, user_id, group_id) values (?, ?, ?)|insert into user_group_role (user_group_role, user_id, group_id) values ('MODERATOR', 8, 6)
10-11-19 00:34:21:998|1|statement|connection 0|url jdbc:p6spy:mysql://localhost:3306/sravan|select user0_.id as id1_0_0_, user0_.name as name2_0_0_ from user user0_ where user0_.id=?|select user0_.id as id1_0_0_, user0_.name as name2_0_0_ from user user0_ where user0_.id=8
10-11-19 00:34:22:06|1|statement|connection 0|url jdbc:p6spy:mysql://localhost:3306/sravan|select group0_.id as id1_2_0_, group0_.name as name2_2_0_ from userGroup group0_ where group0_.id=?|select group0_.id as id1_2_0_, group0_.name as name2_2_0_ from userGroup group0_ where group0_.id=6
10-11-19 00:34:22:14|4|statement|connection 0|url jdbc:p6spy:mysql://localhost:3306/sravan|insert into user_group_role (user_group_role, user_id, group_id) values (?, ?, ?)|insert into user_group_role (user_group_role, user_id, group_id) values ('MODERATOR', 9, 6)
10-11-19 00:34:22:22|2|statement|connection 0|url jdbc:p6spy:mysql://localhost:3306/sravan|select user0_.id as id1_0_0_, user0_.name as name2_0_0_ from user user0_ where user0_.id=?|select user0_.id as id1_0_0_, user0_.name as name2_0_0_ from user user0_ where user0_.id=9
10-11-19 00:34:22:26|2|statement|connection 0|url jdbc:p6spy:mysql://localhost:3306/sravan|select group0_.id as id1_2_0_, group0_.name as name2_2_0_ from userGroup group0_ where group0_.id=?|select group0_.id as id1_2_0_, group0_.name as name2_2_0_ from userGroup group0_ where group0_.id=6
10-11-19 00:34:22:38|2|statement|connection 0|url jdbc:p6spy:mysql://localhost:3306/sravan|select groups0_.user_id as user_id1_1_0_, groups0_.group_id as group_id2_1_0_, group1_.id as id1_2_1_, group1_.name as name2_2_1_ from user_group_role groups0_ inner join userGroup group1_ on groups0_.group_id=group1_.id where groups0_.user_id=?|select groups0_.user_id as user_id1_1_0_, groups0_.group_id as group_id2_1_0_, group1_.id as id1_2_1_, group1_.name as name2_2_1_ from user_group_role groups0_ inner join userGroup group1_ on groups0_.group_id=group1_.id where groups0_.user_id=7
10-11-19 00:34:22:65|1|commit|connection 0|url jdbc:p6spy:mysql://localhost:3306/sravan||
10-11-19 00:34:22:94|16|statement|connection 0|url jdbc:p6spy:mysql://localhost:3306/sravan|insert into user (name) values (?)|insert into user (name) values ('sravan1')
10-11-19 00:34:22:98|3|statement|connection 0|url jdbc:p6spy:mysql://localhost:3306/sravan|insert into user (name) values (?)|insert into user (name) values ('sravan2')
10-11-19 00:34:22:106|3|statement|connection 0|url jdbc:p6spy:mysql://localhost:3306/sravan|insert into user (name) values (?)|insert into user (name) values ('sravan3')
10-11-19 00:34:22:110|3|statement|connection 0|url jdbc:p6spy:mysql://localhost:3306/sravan|insert into userGroup (name) values (?)|insert into userGroup (name) values ('group1')
10-11-19 00:34:22:114|3|statement|connection 0|url jdbc:p6spy:mysql://localhost:3306/sravan|insert into userGroup (name) values (?)|insert into userGroup (name) values ('group2')
10-11-19 00:34:22:122|3|statement|connection 0|url jdbc:p6spy:mysql://localhost:3306/sravan|insert into user_group_role (user_group_role, user_id, group_id) values (?, ?, ?)|insert into user_group_role (user_group_role, user_id, group_id) values ('MODERATOR', 10, 7)
10-11-19 00:34:22:126|1|statement|connection 0|url jdbc:p6spy:mysql://localhost:3306/sravan|select user0_.id as id1_0_0_, user0_.name as name2_0_0_ from user user0_ where user0_.id=?|select user0_.id as id1_0_0_, user0_.name as name2_0_0_ from user user0_ where user0_.id=10
10-11-19 00:34:22:130|1|statement|connection 0|url jdbc:p6spy:mysql://localhost:3306/sravan|select group0_.id as id1_2_0_, group0_.name as name2_2_0_ from userGroup group0_ where group0_.id=?|select group0_.id as id1_2_0_, group0_.name as name2_2_0_ from userGroup group0_ where group0_.id=7
10-11-19 00:34:22:138|3|statement|connection 0|url jdbc:p6spy:mysql://localhost:3306/sravan|insert into user_group_role (user_group_role, user_id, group_id) values (?, ?, ?)|insert into user_group_role (user_group_role, user_id, group_id) values ('MEMBER', 10, 8)
10-11-19 00:34:22:142|1|statement|connection 0|url jdbc:p6spy:mysql://localhost:3306/sravan|select user0_.id as id1_0_0_, user0_.name as name2_0_0_ from user user0_ where user0_.id=?|select user0_.id as id1_0_0_, user0_.name as name2_0_0_ from user user0_ where user0_.id=10
10-11-19 00:34:22:142|1|statement|connection 0|url jdbc:p6spy:mysql://localhost:3306/sravan|select group0_.id as id1_2_0_, group0_.name as name2_2_0_ from userGroup group0_ where group0_.id=?|select group0_.id as id1_2_0_, group0_.name as name2_2_0_ from userGroup group0_ where group0_.id=8
10-11-19 00:34:22:152|3|statement|connection 0|url jdbc:p6spy:mysql://localhost:3306/sravan|insert into user_group_role (user_group_role, user_id, group_id) values (?, ?, ?)|insert into user_group_role (user_group_role, user_id, group_id) values ('MODERATOR', 11, 7)
10-11-19 00:34:22:155|1|statement|connection 0|url jdbc:p6spy:mysql://localhost:3306/sravan|select user0_.id as id1_0_0_, user0_.name as name2_0_0_ from user user0_ where user0_.id=?|select user0_.id as id1_0_0_, user0_.name as name2_0_0_ from user user0_ where user0_.id=11
10-11-19 00:34:22:158|1|statement|connection 0|url jdbc:p6spy:mysql://localhost:3306/sravan|select group0_.id as id1_2_0_, group0_.name as name2_2_0_ from userGroup group0_ where group0_.id=?|select group0_.id as id1_2_0_, group0_.name as name2_2_0_ from userGroup group0_ where group0_.id=7
10-11-19 00:34:22:166|3|statement|connection 0|url jdbc:p6spy:mysql://localhost:3306/sravan|insert into user_group_role (user_group_role, user_id, group_id) values (?, ?, ?)|insert into user_group_role (user_group_role, user_id, group_id) values ('MODERATOR', 11, 8)
10-11-19 00:34:22:166|0|statement|connection 0|url jdbc:p6spy:mysql://localhost:3306/sravan|select user0_.id as id1_0_0_, user0_.name as name2_0_0_ from user user0_ where user0_.id=?|select user0_.id as id1_0_0_, user0_.name as name2_0_0_ from user user0_ where user0_.id=11
10-11-19 00:34:22:170|0|statement|connection 0|url jdbc:p6spy:mysql://localhost:3306/sravan|select group0_.id as id1_2_0_, group0_.name as name2_2_0_ from userGroup group0_ where group0_.id=?|select group0_.id as id1_2_0_, group0_.name as name2_2_0_ from userGroup group0_ where group0_.id=8
10-11-19 00:34:22:178|4|statement|connection 0|url jdbc:p6spy:mysql://localhost:3306/sravan|insert into user_group_role (user_group_role, user_id, group_id) values (?, ?, ?)|insert into user_group_role (user_group_role, user_id, group_id) values ('MODERATOR', 12, 8)
10-11-19 00:34:22:178|1|statement|connection 0|url jdbc:p6spy:mysql://localhost:3306/sravan|select user0_.id as id1_0_0_, user0_.name as name2_0_0_ from user user0_ where user0_.id=?|select user0_.id as id1_0_0_, user0_.name as name2_0_0_ from user user0_ where user0_.id=12
10-11-19 00:34:22:182|0|statement|connection 0|url jdbc:p6spy:mysql://localhost:3306/sravan|select group0_.id as id1_2_0_, group0_.name as name2_2_0_ from userGroup group0_ where group0_.id=?|select group0_.id as id1_2_0_, group0_.name as name2_2_0_ from userGroup group0_ where group0_.id=8
10-11-19 00:34:22:194|11|statement|connection 0|url jdbc:p6spy:mysql://localhost:3306/sravan|select moderategr0_.user_id as user_id1_1_0_, moderategr0_.group_id as group_id2_1_0_, group1_.id as id1_2_1_, group1_.name as name2_2_1_ from user_group_role moderategr0_ inner join userGroup group1_ on moderategr0_.group_id=group1_.id where ( moderategr0_.userGroupRole='MODERATOR') and moderategr0_.user_id=?|select moderategr0_.user_id as user_id1_1_0_, moderategr0_.group_id as group_id2_1_0_, group1_.id as id1_2_1_, group1_.name as name2_2_1_ from user_group_role moderategr0_ inner join userGroup group1_ on moderategr0_.group_id=group1_.id where ( moderategr0_.userGroupRole='MODERATOR') and moderategr0_.user_id=10
10-11-19 00:34:22:198|0|commit|connection 0|url jdbc:p6spy:mysql://localhost:3306/sravan||
10-11-19 00:34:53:613|0|commit|connection 0|url jdbc:p6spy:mysql://localhost:3306/sravan||
10-11-19 00:34:53:843|196|statement|connection 0|url jdbc:p6spy:mysql://localhost:3306/sravan|alter table user_group_role add constraint FKpoyilx4r87gulanosg81q76oc foreign key (group_id) references userGroup (id)|alter table user_group_role add constraint FKpoyilx4r87gulanosg81q76oc foreign key (group_id) references userGroup (id)
10-11-19 00:34:53:915|65|statement|connection 0|url jdbc:p6spy:mysql://localhost:3306/sravan|alter table user_group_role add constraint FK6fh4m0advqhkx5xsf58ejxeo5 foreign key (user_id) references user (id)|alter table user_group_role add constraint FK6fh4m0advqhkx5xsf58ejxeo5 foreign key (user_id) references user (id)
10-11-19 00:34:54:287|16|statement|connection 0|url jdbc:p6spy:mysql://localhost:3306/sravan|insert into user (name) values (?)|insert into user (name) values ('sravan1')
10-11-19 00:34:54:307|4|statement|connection 0|url jdbc:p6spy:mysql://localhost:3306/sravan|insert into user (name) values (?)|insert into user (name) values ('sravan2')
10-11-19 00:34:54:318|4|statement|connection 0|url jdbc:p6spy:mysql://localhost:3306/sravan|insert into user (name) values (?)|insert into user (name) values ('sravan3')
10-11-19 00:34:54:331|10|statement|connection 0|url jdbc:p6spy:mysql://localhost:3306/sravan|insert into userGroup (name) values (?)|insert into userGroup (name) values ('group1')
10-11-19 00:34:54:339|4|statement|connection 0|url jdbc:p6spy:mysql://localhost:3306/sravan|insert into userGroup (name) values (?)|insert into userGroup (name) values ('group2')
10-11-19 00:34:54:387|4|statement|connection 0|url jdbc:p6spy:mysql://localhost:3306/sravan|insert into user_group_role (user_group_role, user_id, group_id) values (?, ?, ?)|insert into user_group_role (user_group_role, user_id, group_id) values ('MODERATOR', 13, 9)
10-11-19 00:34:54:407|7|statement|connection 0|url jdbc:p6spy:mysql://localhost:3306/sravan|select user0_.id as id1_0_0_, user0_.name as name2_0_0_ from user user0_ where user0_.id=?|select user0_.id as id1_0_0_, user0_.name as name2_0_0_ from user user0_ where user0_.id=13
10-11-19 00:34:54:422|1|statement|connection 0|url jdbc:p6spy:mysql://localhost:3306/sravan|select group0_.id as id1_2_0_, group0_.name as name2_2_0_ from userGroup group0_ where group0_.id=?|select group0_.id as id1_2_0_, group0_.name as name2_2_0_ from userGroup group0_ where group0_.id=9
10-11-19 00:34:54:431|3|statement|connection 0|url jdbc:p6spy:mysql://localhost:3306/sravan|insert into user_group_role (user_group_role, user_id, group_id) values (?, ?, ?)|insert into user_group_role (user_group_role, user_id, group_id) values ('MEMBER', 13, 10)
10-11-19 00:34:54:431|1|statement|connection 0|url jdbc:p6spy:mysql://localhost:3306/sravan|select user0_.id as id1_0_0_, user0_.name as name2_0_0_ from user user0_ where user0_.id=?|select user0_.id as id1_0_0_, user0_.name as name2_0_0_ from user user0_ where user0_.id=13
10-11-19 00:34:54:435|1|statement|connection 0|url jdbc:p6spy:mysql://localhost:3306/sravan|select group0_.id as id1_2_0_, group0_.name as name2_2_0_ from userGroup group0_ where group0_.id=?|select group0_.id as id1_2_0_, group0_.name as name2_2_0_ from userGroup group0_ where group0_.id=10
10-11-19 00:34:54:443|3|statement|connection 0|url jdbc:p6spy:mysql://localhost:3306/sravan|insert into user_group_role (user_group_role, user_id, group_id) values (?, ?, ?)|insert into user_group_role (user_group_role, user_id, group_id) values ('MODERATOR', 14, 9)
10-11-19 00:34:54:447|1|statement|connection 0|url jdbc:p6spy:mysql://localhost:3306/sravan|select user0_.id as id1_0_0_, user0_.name as name2_0_0_ from user user0_ where user0_.id=?|select user0_.id as id1_0_0_, user0_.name as name2_0_0_ from user user0_ where user0_.id=14
10-11-19 00:34:54:447|0|statement|connection 0|url jdbc:p6spy:mysql://localhost:3306/sravan|select group0_.id as id1_2_0_, group0_.name as name2_2_0_ from userGroup group0_ where group0_.id=?|select group0_.id as id1_2_0_, group0_.name as name2_2_0_ from userGroup group0_ where group0_.id=9
10-11-19 00:34:54:455|3|statement|connection 0|url jdbc:p6spy:mysql://localhost:3306/sravan|insert into user_group_role (user_group_role, user_id, group_id) values (?, ?, ?)|insert into user_group_role (user_group_role, user_id, group_id) values ('MODERATOR', 14, 10)
10-11-19 00:34:54:455|0|statement|connection 0|url jdbc:p6spy:mysql://localhost:3306/sravan|select user0_.id as id1_0_0_, user0_.name as name2_0_0_ from user user0_ where user0_.id=?|select user0_.id as id1_0_0_, user0_.name as name2_0_0_ from user user0_ where user0_.id=14
10-11-19 00:34:54:459|0|statement|connection 0|url jdbc:p6spy:mysql://localhost:3306/sravan|select group0_.id as id1_2_0_, group0_.name as name2_2_0_ from userGroup group0_ where group0_.id=?|select group0_.id as id1_2_0_, group0_.name as name2_2_0_ from userGroup group0_ where group0_.id=10
10-11-19 00:34:54:463|3|statement|connection 0|url jdbc:p6spy:mysql://localhost:3306/sravan|insert into user_group_role (user_group_role, user_id, group_id) values (?, ?, ?)|insert into user_group_role (user_group_role, user_id, group_id) values ('MODERATOR', 15, 10)
10-11-19 00:34:54:467|0|statement|connection 0|url jdbc:p6spy:mysql://localhost:3306/sravan|select user0_.id as id1_0_0_, user0_.name as name2_0_0_ from user user0_ where user0_.id=?|select user0_.id as id1_0_0_, user0_.name as name2_0_0_ from user user0_ where user0_.id=15
10-11-19 00:34:54:467|0|statement|connection 0|url jdbc:p6spy:mysql://localhost:3306/sravan|select group0_.id as id1_2_0_, group0_.name as name2_2_0_ from userGroup group0_ where group0_.id=?|select group0_.id as id1_2_0_, group0_.name as name2_2_0_ from userGroup group0_ where group0_.id=10
10-11-19 00:34:54:471|1|statement|connection 0|url jdbc:p6spy:mysql://localhost:3306/sravan|select groups0_.user_id as user_id1_1_0_, groups0_.group_id as group_id2_1_0_, group1_.id as id1_2_1_, group1_.name as name2_2_1_ from user_group_role groups0_ inner join userGroup group1_ on groups0_.group_id=group1_.id where groups0_.user_id=?|select groups0_.user_id as user_id1_1_0_, groups0_.group_id as group_id2_1_0_, group1_.id as id1_2_1_, group1_.name as name2_2_1_ from user_group_role groups0_ inner join userGroup group1_ on groups0_.group_id=group1_.id where groups0_.user_id=13
10-11-19 00:34:54:480|0|commit|connection 0|url jdbc:p6spy:mysql://localhost:3306/sravan||
10-11-19 00:34:54:488|3|statement|connection 0|url jdbc:p6spy:mysql://localhost:3306/sravan|insert into user (name) values (?)|insert into user (name) values ('sravan1')
10-11-19 00:34:54:492|3|statement|connection 0|url jdbc:p6spy:mysql://localhost:3306/sravan|insert into user (name) values (?)|insert into user (name) values ('sravan2')
10-11-19 00:34:54:496|2|statement|connection 0|url jdbc:p6spy:mysql://localhost:3306/sravan|insert into user (name) values (?)|insert into user (name) values ('sravan3')
10-11-19 00:34:54:500|3|statement|connection 0|url jdbc:p6spy:mysql://localhost:3306/sravan|insert into userGroup (name) values (?)|insert into userGroup (name) values ('group1')
10-11-19 00:34:54:504|2|statement|connection 0|url jdbc:p6spy:mysql://localhost:3306/sravan|insert into userGroup (name) values (?)|insert into userGroup (name) values ('group2')
10-11-19 00:34:54:508|3|statement|connection 0|url jdbc:p6spy:mysql://localhost:3306/sravan|insert into user_group_role (user_group_role, user_id, group_id) values (?, ?, ?)|insert into user_group_role (user_group_role, user_id, group_id) values ('MODERATOR', 16, 11)
10-11-19 00:34:54:512|0|statement|connection 0|url jdbc:p6spy:mysql://localhost:3306/sravan|select user0_.id as id1_0_0_, user0_.name as name2_0_0_ from user user0_ where user0_.id=?|select user0_.id as id1_0_0_, user0_.name as name2_0_0_ from user user0_ where user0_.id=16
10-11-19 00:34:54:512|0|statement|connection 0|url jdbc:p6spy:mysql://localhost:3306/sravan|select group0_.id as id1_2_0_, group0_.name as name2_2_0_ from userGroup group0_ where group0_.id=?|select group0_.id as id1_2_0_, group0_.name as name2_2_0_ from userGroup group0_ where group0_.id=11
10-11-19 00:34:54:520|3|statement|connection 0|url jdbc:p6spy:mysql://localhost:3306/sravan|insert into user_group_role (user_group_role, user_id, group_id) values (?, ?, ?)|insert into user_group_role (user_group_role, user_id, group_id) values ('MEMBER', 16, 12)
10-11-19 00:34:54:522|0|statement|connection 0|url jdbc:p6spy:mysql://localhost:3306/sravan|select user0_.id as id1_0_0_, user0_.name as name2_0_0_ from user user0_ where user0_.id=?|select user0_.id as id1_0_0_, user0_.name as name2_0_0_ from user user0_ where user0_.id=16
10-11-19 00:34:54:524|0|statement|connection 0|url jdbc:p6spy:mysql://localhost:3306/sravan|select group0_.id as id1_2_0_, group0_.name as name2_2_0_ from userGroup group0_ where group0_.id=?|select group0_.id as id1_2_0_, group0_.name as name2_2_0_ from userGroup group0_ where group0_.id=12
10-11-19 00:34:54:529|3|statement|connection 0|url jdbc:p6spy:mysql://localhost:3306/sravan|insert into user_group_role (user_group_role, user_id, group_id) values (?, ?, ?)|insert into user_group_role (user_group_role, user_id, group_id) values ('MODERATOR', 17, 11)
10-11-19 00:34:54:531|0|statement|connection 0|url jdbc:p6spy:mysql://localhost:3306/sravan|select user0_.id as id1_0_0_, user0_.name as name2_0_0_ from user user0_ where user0_.id=?|select user0_.id as id1_0_0_, user0_.name as name2_0_0_ from user user0_ where user0_.id=17
10-11-19 00:34:54:531|0|statement|connection 0|url jdbc:p6spy:mysql://localhost:3306/sravan|select group0_.id as id1_2_0_, group0_.name as name2_2_0_ from userGroup group0_ where group0_.id=?|select group0_.id as id1_2_0_, group0_.name as name2_2_0_ from userGroup group0_ where group0_.id=11
10-11-19 00:34:54:535|3|statement|connection 0|url jdbc:p6spy:mysql://localhost:3306/sravan|insert into user_group_role (user_group_role, user_id, group_id) values (?, ?, ?)|insert into user_group_role (user_group_role, user_id, group_id) values ('MODERATOR', 17, 12)
10-11-19 00:34:54:539|0|statement|connection 0|url jdbc:p6spy:mysql://localhost:3306/sravan|select user0_.id as id1_0_0_, user0_.name as name2_0_0_ from user user0_ where user0_.id=?|select user0_.id as id1_0_0_, user0_.name as name2_0_0_ from user user0_ where user0_.id=17
10-11-19 00:34:54:539|0|statement|connection 0|url jdbc:p6spy:mysql://localhost:3306/sravan|select group0_.id as id1_2_0_, group0_.name as name2_2_0_ from userGroup group0_ where group0_.id=?|select group0_.id as id1_2_0_, group0_.name as name2_2_0_ from userGroup group0_ where group0_.id=12
10-11-19 00:34:54:543|3|statement|connection 0|url jdbc:p6spy:mysql://localhost:3306/sravan|insert into user_group_role (user_group_role, user_id, group_id) values (?, ?, ?)|insert into user_group_role (user_group_role, user_id, group_id) values ('MODERATOR', 18, 12)
10-11-19 00:34:54:547|0|statement|connection 0|url jdbc:p6spy:mysql://localhost:3306/sravan|select user0_.id as id1_0_0_, user0_.name as name2_0_0_ from user user0_ where user0_.id=?|select user0_.id as id1_0_0_, user0_.name as name2_0_0_ from user user0_ where user0_.id=18
10-11-19 00:34:54:547|0|statement|connection 0|url jdbc:p6spy:mysql://localhost:3306/sravan|select group0_.id as id1_2_0_, group0_.name as name2_2_0_ from userGroup group0_ where group0_.id=?|select group0_.id as id1_2_0_, group0_.name as name2_2_0_ from userGroup group0_ where group0_.id=12
10-11-19 00:34:54:547|0|statement|connection 0|url jdbc:p6spy:mysql://localhost:3306/sravan|select moderategr0_.user_id as user_id1_1_0_, moderategr0_.group_id as group_id2_1_0_, group1_.id as id1_2_1_, group1_.name as name2_2_1_ from user_group_role moderategr0_ inner join userGroup group1_ on moderategr0_.group_id=group1_.id where ( moderategr0_.user_group_role='MODERATOR') and moderategr0_.user_id=?|select moderategr0_.user_id as user_id1_1_0_, moderategr0_.group_id as group_id2_1_0_, group1_.id as id1_2_1_, group1_.name as name2_2_1_ from user_group_role moderategr0_ inner join userGroup group1_ on moderategr0_.group_id=group1_.id where ( moderategr0_.user_group_role='MODERATOR') and moderategr0_.user_id=16
10-11-19 00:34:54:551|0|commit|connection 0|url jdbc:p6spy:mysql://localhost:3306/sravan||
